<?xml version="1.0" encoding="UTF-8"?>
<!-- Generated by org.testng.reporters.JUnitReportReporter -->
<testsuite hostname="Carlos-PC" failures="0" tests="1" name="com.test.TestB" time="0.512" errors="0" timestamp="28 Oct 2020 18:59:53 GMT" skipped="0">
  <testcase classname="com.test.TestB" name="testGooglePageTitleInChrome" time="0.512"/>
</testsuite> <!-- com.test.TestB -->
